<?xml version="1.0" encoding="UTF-8"?>
<!-- Generated by org.testng.reporters.JUnitXMLReporter -->
<testsuite ignored="0" hostname="DESKTOP-53U1R5L" failures="1" tests="2" name="Test" time="72.972" errors="0" timestamp="2020-07-19T22:56:06 IST">
  <testcase classname="com.UIAutomation.Demo.MyStore_tests" name="AddLessPriceItemToCart" time="25.689">
    <failure type="java.lang.AssertionError" message="expected [] but found [Printed Chiffon Dress]">
      <![CDATA[java.lang.AssertionError: expected [] but found [Printed Chiffon Dress]
at pageObjects.MyStore.ProductAddedToCart(MyStore.java:100)
at com.UIAutomation.Demo.MyStore_tests.AddLessPriceItemToCart(MyStore_tests.java:43)
at java.base/java.util.ArrayList.forEach(ArrayList.java:1511)
... Removed 32 stack frames]]>
    </failure>
  </testcase> <!-- AddLessPriceItemToCart -->
  <testcase classname="com.UIAutomation.Demo.MyStore_tests" name="ValidateDiscountEqualsToOriginal" time="0.553"/>
</testsuite> <!-- Test -->
